2026-01-11 20:52:39,611 - INFO - === 自进化Wappalyzer自动化系统启动 ===
2026-01-11 20:52:39,611 - INFO - 启动时间：2026-01-11 20:52:39
2026-01-11 20:52:39,612 - INFO - 启动Web仪表盘...
2026-01-11 20:52:39,615 - INFO - Web仪表盘已启动，访问地址：http://localhost:5001
2026-01-11 20:52:39,616 - INFO - 开始持续学习流程...
2026-01-11 20:52:39,617 - INFO - 自动化系统已启动，按 Ctrl+C 停止
2026-01-11 20:52:39,617 - INFO - 开始新一轮学习周期...
2026-01-11 20:52:44,030 - INFO - 初始化集成Wappalyzer系统...
2026-01-11 20:52:44,044 - INFO - 成功加载已训练的模型和向量器
2026-01-11 20:52:44,046 - INFO - 集成Wappalyzer系统初始化完成
2026-01-11 20:52:44,046 - INFO - 开始智能收集和学习流程，目标数量：1000
2026-01-11 20:52:44,046 - INFO - 步骤1：智能获取真实网站...
2026-01-11 20:52:44,046 - INFO - 开始获取 1000 个education行业网站...
2026-01-11 20:53:30,292 - INFO - 成功获取 7 个education行业网站
2026-01-11 20:53:30,292 - INFO - 成功获取 7 个有效网站
2026-01-11 20:53:30,292 - INFO - 步骤2：扫描 7 个网站...
2026-01-11 20:53:30,292 - INFO - 扫描网站：https://www.coursera.org
2026-01-11 20:53:31,166 - INFO - 开始预测网站使用的技术
2026-01-11 20:53:31,167 - INFO - 开始提取网站特征
2026-01-11 20:53:31,212 - INFO - 预测结果：Baidu (置信度：0.83)
2026-01-11 20:53:32,051 - INFO - 开始提取网站特征
2026-01-11 20:53:32,052 - INFO - 扫描网站：https://www.udemy.com
2026-01-11 20:53:33,049 - INFO - 开始预测网站使用的技术
2026-01-11 20:53:33,049 - INFO - 开始提取网站特征
2026-01-11 20:53:33,077 - INFO - 预测结果：React (置信度：0.51)
2026-01-11 20:53:33,673 - INFO - 开始提取网站特征
2026-01-11 20:53:33,674 - INFO - 扫描网站：https://www.khanacademy.org
2026-01-11 20:53:34,107 - INFO - 开始预测网站使用的技术
2026-01-11 20:53:34,107 - INFO - 开始提取网站特征
2026-01-11 20:53:34,139 - INFO - 预测结果：Baidu (置信度：0.61)
2026-01-11 20:53:34,617 - INFO - 开始提取网站特征
2026-01-11 20:53:34,617 - INFO - 扫描网站：https://www.edx.org
2026-01-11 20:53:37,372 - INFO - 开始预测网站使用的技术
2026-01-11 20:53:37,373 - INFO - 开始提取网站特征
2026-01-11 20:53:37,418 - INFO - 预测结果：Baidu (置信度：0.79)
2026-01-11 20:53:39,379 - INFO - 开始提取网站特征
2026-01-11 20:53:39,379 - INFO - 扫描网站：https://www.coursera.org
2026-01-11 20:53:40,255 - INFO - 开始预测网站使用的技术
2026-01-11 20:53:40,255 - INFO - 开始提取网站特征
2026-01-11 20:53:40,284 - INFO - 预测结果：Baidu (置信度：0.83)
2026-01-11 20:53:41,104 - INFO - 开始提取网站特征
2026-01-11 20:53:41,104 - INFO - 扫描网站：https://www.harvard.edu
2026-01-11 20:53:41,975 - INFO - 开始预测网站使用的技术
2026-01-11 20:53:41,975 - INFO - 开始提取网站特征
2026-01-11 20:53:42,006 - INFO - 预测结果：Baidu (置信度：0.66)
2026-01-11 20:53:42,855 - INFO - 开始提取网站特征
2026-01-11 20:53:42,855 - INFO - 扫描网站：https://www.stanford.edu
2026-01-11 20:53:43,220 - INFO - 开始预测网站使用的技术
2026-01-11 20:53:43,220 - INFO - 开始提取网站特征
2026-01-11 20:53:43,259 - INFO - 预测结果：Baidu (置信度：0.71)
2026-01-11 20:53:43,721 - INFO - 开始提取网站特征
2026-01-11 20:53:43,727 - INFO - 扫描完成，收集到 12 条训练数据
2026-01-11 20:53:43,728 - INFO - 检测到的技术分布：{np.str_('Baidu'): 6, 'React': 2, 'Nginx': 2, 'WordPress': 2}
2026-01-11 20:53:43,728 - INFO - 步骤3：使用 12 条数据训练机器学习模型...
2026-01-11 20:53:43,729 - INFO - 使用 12 条新数据更新模型
2026-01-11 20:53:44,137 - INFO - 模型和向量器已保存
2026-01-11 20:53:44,137 - INFO - 模型更新完成
2026-01-11 20:53:44,138 - INFO - 机器学习模型训练成功
2026-01-11 20:53:44,138 - INFO - 步骤4：更新检测规则...
2026-01-11 20:53:44,138 - INFO - 基于网站 https://www.coursera.org 更新规则...
2026-01-11 20:53:45,058 - INFO - 开始预测网站使用的技术
2026-01-11 20:53:45,058 - INFO - 开始提取网站特征
2026-01-11 20:53:45,090 - INFO - 预测结果：Baidu (置信度：0.93)
2026-01-11 20:53:45,090 - INFO - 基于 https://www.coursera.org 发现 2 种可能的技术，尝试更新规则
2026-01-11 20:53:47,546 - INFO - 开始预测网站使用的技术
2026-01-11 20:53:47,547 - INFO - 开始提取网站特征
2026-01-11 20:53:47,571 - INFO - 预测结果：Baidu (置信度：0.93)
2026-01-11 20:53:47,594 - INFO - 基于网站 https://www.udemy.com 更新规则...
2026-01-11 20:53:49,028 - INFO - 开始预测网站使用的技术
2026-01-11 20:53:49,028 - INFO - 开始提取网站特征
2026-01-11 20:53:49,060 - INFO - 预测结果：React (置信度：0.56)
2026-01-11 20:53:49,060 - INFO - 基于 https://www.udemy.com 发现 1 种可能的技术，尝试更新规则
2026-01-11 20:53:54,089 - INFO - 基于网站 https://www.khanacademy.org 更新规则...
2026-01-11 20:53:54,542 - INFO - 开始预测网站使用的技术
2026-01-11 20:53:54,543 - INFO - 开始提取网站特征
2026-01-11 20:53:54,718 - INFO - 预测结果：Baidu (置信度：0.84)
2026-01-11 20:53:54,718 - INFO - 基于 https://www.khanacademy.org 发现 1 种可能的技术，尝试更新规则
2026-01-11 20:53:55,614 - INFO - 基于网站 https://www.edx.org 更新规则...
2026-01-11 20:53:57,892 - INFO - 开始预测网站使用的技术
2026-01-11 20:53:57,892 - INFO - 开始提取网站特征
2026-01-11 20:53:57,919 - INFO - 预测结果：Baidu (置信度：0.55)
2026-01-11 20:53:57,919 - INFO - 基于 https://www.edx.org 发现 1 种可能的技术，尝试更新规则
2026-01-11 20:54:02,541 - INFO - 基于网站 https://www.coursera.org 更新规则...
2026-01-11 20:54:03,464 - INFO - 开始预测网站使用的技术
2026-01-11 20:54:03,464 - INFO - 开始提取网站特征
2026-01-11 20:54:03,515 - INFO - 预测结果：Baidu (置信度：0.93)
2026-01-11 20:54:03,516 - INFO - 基于 https://www.coursera.org 发现 2 种可能的技术，尝试更新规则
2026-01-11 20:54:05,584 - INFO - 步骤5：保存最终规则...
2026-01-11 20:54:05,586 - INFO - 规则已保存
2026-01-11 20:54:05,586 - INFO - 步骤6：显示最终统计信息...
2026-01-11 20:54:05,587 - INFO - 智能收集和学习流程完成
2026-01-11 20:54:05,590 - INFO - 学习周期完成
2026-01-11 20:54:05,590 - INFO - 等待 300 秒后开始下一轮学习...
2026-01-11 20:59:05,612 - INFO - 开始新一轮学习周期...
2026-01-11 20:59:05,632 - INFO - 初始化集成Wappalyzer系统...
2026-01-11 20:59:05,748 - INFO - 成功加载已训练的模型和向量器
2026-01-11 20:59:05,750 - INFO - 集成Wappalyzer系统初始化完成
2026-01-11 20:59:05,751 - INFO - 开始智能收集和学习流程，目标数量：1000
2026-01-11 20:59:05,751 - INFO - 步骤1：智能获取真实网站...
2026-01-11 20:59:05,751 - INFO - 开始获取 1000 个education行业网站...
2026-01-11 21:00:01,616 - INFO - 成功获取 8 个education行业网站
2026-01-11 21:00:01,617 - INFO - 成功获取 8 个有效网站
2026-01-11 21:00:01,617 - INFO - 步骤2：扫描 8 个网站...
2026-01-11 21:00:01,617 - INFO - 扫描网站：https://www.mooc.org
2026-01-11 21:00:11,768 - INFO - 开始提取网站特征
2026-01-11 21:00:11,768 - INFO - 扫描网站：https://www.coursera.org
2026-01-11 21:00:14,767 - INFO - 开始提取网站特征
2026-01-11 21:00:14,768 - INFO - 扫描网站：https://www.udemy.com
2026-01-11 21:00:16,908 - INFO - 开始提取网站特征
2026-01-11 21:00:16,909 - INFO - 扫描网站：https://www.khanacademy.org
2026-01-11 21:00:17,672 - INFO - 开始提取网站特征
2026-01-11 21:00:17,674 - INFO - 扫描网站：https://www.edx.org
2026-01-11 21:00:23,047 - INFO - 开始提取网站特征
2026-01-11 21:00:23,047 - INFO - 扫描网站：https://www.coursera.org
2026-01-11 21:00:27,404 - INFO - 开始提取网站特征
2026-01-11 21:00:27,405 - INFO - 扫描网站：https://www.harvard.edu
2026-01-11 21:00:36,213 - INFO - 开始提取网站特征
2026-01-11 21:00:36,214 - INFO - 扫描网站：https://www.stanford.edu
2026-01-11 21:00:36,991 - INFO - 开始提取网站特征
2026-01-11 21:00:36,992 - INFO - 扫描完成，收集到 0 条训练数据
2026-01-11 21:00:36,992 - INFO - 检测到的技术分布：{}
2026-01-11 21:00:36,992 - WARNING - 没有足够的训练数据，跳过模型训练
2026-01-11 21:00:36,992 - INFO - 步骤4：更新检测规则...
2026-01-11 21:00:36,992 - INFO - 基于网站 https://www.mooc.org 更新规则...
2026-01-11 21:00:43,277 - INFO - 开始预测网站使用的技术
2026-01-11 21:00:43,277 - INFO - 开始提取网站特征
2026-01-11 21:00:43,381 - INFO - 预测结果：Baidu (置信度：0.55)
2026-01-11 21:00:43,381 - INFO - 基于 https://www.mooc.org 发现 1 种可能的技术，尝试更新规则
2026-01-11 21:00:53,618 - INFO - 基于网站 https://www.coursera.org 更新规则...
2026-01-11 21:00:55,414 - INFO - 开始预测网站使用的技术
2026-01-11 21:00:55,414 - INFO - 开始提取网站特征
2026-01-11 21:00:55,445 - INFO - 预测结果：Baidu (置信度：0.93)
2026-01-11 21:00:55,445 - INFO - 基于 https://www.coursera.org 发现 2 种可能的技术，尝试更新规则
2026-01-11 21:01:03,281 - INFO - 基于网站 https://www.udemy.com 更新规则...
2026-01-11 21:01:04,160 - INFO - 开始预测网站使用的技术
2026-01-11 21:01:04,161 - INFO - 开始提取网站特征
2026-01-11 21:01:04,191 - INFO - 预测结果：React (置信度：0.56)
2026-01-11 21:01:04,192 - INFO - 基于 https://www.udemy.com 发现 1 种可能的技术，尝试更新规则
2026-01-11 21:01:05,803 - INFO - 基于网站 https://www.khanacademy.org 更新规则...
2026-01-11 21:01:06,192 - INFO - 开始预测网站使用的技术
2026-01-11 21:01:06,192 - INFO - 开始提取网站特征
2026-01-11 21:01:06,223 - INFO - 预测结果：Baidu (置信度：0.84)
2026-01-11 21:01:06,224 - INFO - 基于 https://www.khanacademy.org 发现 1 种可能的技术，尝试更新规则
2026-01-11 21:01:07,034 - INFO - 基于网站 https://www.edx.org 更新规则...
2026-01-11 21:01:11,238 - INFO - 开始预测网站使用的技术
2026-01-11 21:01:11,238 - INFO - 开始提取网站特征
2026-01-11 21:01:11,284 - INFO - 预测结果：Baidu (置信度：0.55)
2026-01-11 21:01:11,284 - INFO - 基于 https://www.edx.org 发现 1 种可能的技术，尝试更新规则
2026-01-11 21:01:16,580 - INFO - 步骤5：保存最终规则...
2026-01-11 21:01:16,581 - INFO - 规则已保存
2026-01-11 21:01:16,581 - INFO - 步骤6：显示最终统计信息...
2026-01-11 21:01:16,581 - INFO - 智能收集和学习流程完成
2026-01-11 21:01:16,581 - INFO - 学习周期完成
2026-01-11 21:01:16,581 - INFO - 等待 300 秒后开始下一轮学习...
