2026-01-11 14:16:26,960 - INFO - 开始智能生成 5 个扫描目标...
2026-01-11 14:16:26,960 - INFO - 从Alexa获取前 5 个顶级网站...
2026-01-11 14:16:43,037 - INFO - 开始智能生成 5 个扫描目标...
2026-01-11 14:16:43,037 - INFO - 从Alexa获取前 5 个顶级网站...
2026-01-11 14:16:59,522 - INFO - 从Alexa成功获取 0 个有效网站
2026-01-11 14:16:59,522 - INFO - 开始筛选 0 个目标...
2026-01-11 14:16:59,522 - INFO - 筛选后剩余 0 个目标
2026-01-11 14:16:59,522 - INFO - 成功生成 0 个扫描目标
2026-01-11 14:22:00,141 - INFO - 未找到已训练的模型，将使用默认模型
2026-01-11 14:22:00,141 - INFO - 创建默认随机森林模型
2026-01-11 14:22:00,141 - INFO - 使用示例数据训练默认模型
2026-01-11 14:22:00,452 - INFO - 模型和向量器已保存
2026-01-11 14:22:00,478 - INFO - 默认模型训练完成，准确率：1.00
2026-01-11 14:22:00,478 - INFO - 开始智能生成 5 个扫描目标...
2026-01-11 14:22:00,479 - INFO - 从Alexa获取前 5 个顶级网站...
2026-01-11 14:22:06,847 - INFO - 从Alexa成功获取 4 个有效网站
2026-01-11 14:22:06,848 - INFO - 开始筛选 4 个目标...
2026-01-11 14:22:06,848 - INFO - 筛选后剩余 4 个目标
2026-01-11 14:22:06,849 - INFO - 成功生成 4 个扫描目标
2026-01-11 14:22:07,066 - INFO - 开始预测网站使用的技术
2026-01-11 14:22:07,068 - INFO - 开始提取网站特征
2026-01-11 14:22:07,199 - INFO - 预测结果：Baidu (置信度：0.29)
2026-01-11 14:22:07,460 - INFO - 开始预测网站使用的技术
2026-01-11 14:22:07,461 - INFO - 开始提取网站特征
2026-01-11 14:22:07,513 - INFO - 预测结果：Baidu (置信度：0.31)
2026-01-11 14:22:07,747 - INFO - 开始预测网站使用的技术
2026-01-11 14:22:07,747 - INFO - 开始提取网站特征
2026-01-11 14:22:07,781 - INFO - 预测结果：Baidu (置信度：0.31)
2026-01-11 14:22:07,918 - INFO - 开始预测网站使用的技术
2026-01-11 14:22:07,918 - INFO - 开始提取网站特征
2026-01-11 14:22:07,944 - INFO - 预测结果：Baidu (置信度：0.70)
2026-01-11 14:25:16,562 - INFO - 初始化集成Wappalyzer系统...
2026-01-11 14:25:16,570 - INFO - 成功加载已训练的模型和向量器
2026-01-11 14:25:16,570 - INFO - 集成Wappalyzer系统初始化完成
2026-01-11 14:25:16,570 - INFO - 开始智能收集和学习流程，目标数量：10
2026-01-11 14:25:16,570 - INFO - 步骤1：智能获取真实网站...
2026-01-11 14:25:16,571 - INFO - 开始智能生成 10 个扫描目标...
2026-01-11 14:25:16,571 - INFO - 从Alexa获取前 10 个顶级网站...
2026-01-11 14:25:39,363 - INFO - 从Alexa成功获取 4 个有效网站
2026-01-11 14:25:39,363 - INFO - 开始筛选 4 个目标...
2026-01-11 14:25:39,363 - INFO - 筛选后剩余 4 个目标
2026-01-11 14:25:39,363 - INFO - 成功生成 4 个扫描目标
2026-01-11 14:25:39,363 - INFO - 成功获取 4 个有效网站
2026-01-11 14:25:39,363 - INFO - 步骤2：扫描 4 个网站...
2026-01-11 14:25:39,364 - INFO - 扫描网站：https://www.microsoft.com
2026-01-11 14:25:39,538 - INFO - 开始预测网站使用的技术
2026-01-11 14:25:39,538 - INFO - 开始提取网站特征
2026-01-11 14:25:39,582 - INFO - 预测结果：Baidu (置信度：0.31)
2026-01-11 14:25:39,745 - INFO - 开始提取网站特征
2026-01-11 14:25:39,746 - INFO - 扫描网站：https://www.bing.com
2026-01-11 14:25:40,285 - INFO - 开始预测网站使用的技术
2026-01-11 14:25:40,286 - INFO - 开始提取网站特征
2026-01-11 14:25:40,315 - INFO - 预测结果：Baidu (置信度：0.29)
2026-01-11 14:25:40,893 - INFO - 开始提取网站特征
2026-01-11 14:25:40,894 - INFO - 扫描网站：https://www.baidu.com
2026-01-11 14:25:41,028 - INFO - 开始预测网站使用的技术
2026-01-11 14:25:41,029 - INFO - 开始提取网站特征
2026-01-11 14:25:41,055 - INFO - 预测结果：Baidu (置信度：0.70)
2026-01-11 14:25:41,233 - INFO - 开始提取网站特征
2026-01-11 14:25:41,233 - INFO - 扫描网站：https://www.tmall.com
2026-01-11 14:25:41,394 - INFO - 开始预测网站使用的技术
2026-01-11 14:25:41,394 - INFO - 开始提取网站特征
2026-01-11 14:25:41,442 - INFO - 预测结果：Baidu (置信度：0.31)
2026-01-11 14:25:41,547 - INFO - 开始提取网站特征
2026-01-11 14:25:41,547 - INFO - 扫描完成，收集到 2 条训练数据
2026-01-11 14:25:41,547 - INFO - 检测到的技术分布：{'BFE': 1, 'Baidu': 1}
2026-01-11 14:25:41,548 - INFO - 步骤3：使用 2 条数据训练机器学习模型...
2026-01-11 14:25:41,548 - INFO - 使用 2 条新数据更新模型
2026-01-11 14:25:41,715 - INFO - 模型和向量器已保存
2026-01-11 14:25:41,715 - INFO - 模型更新完成
2026-01-11 14:25:41,715 - INFO - 机器学习模型训练成功
2026-01-11 14:25:41,715 - INFO - 步骤4：更新检测规则...
2026-01-11 14:25:41,715 - INFO - 基于网站 https://www.microsoft.com 更新规则...
2026-01-11 14:25:41,888 - INFO - 开始预测网站使用的技术
2026-01-11 14:25:41,888 - INFO - 开始提取网站特征
2026-01-11 14:25:41,916 - INFO - 预测结果：BFE (置信度：0.52)
2026-01-11 14:25:41,916 - INFO - 基于网站 https://www.bing.com 更新规则...
2026-01-11 14:25:42,497 - INFO - 开始预测网站使用的技术
2026-01-11 14:25:42,498 - INFO - 开始提取网站特征
2026-01-11 14:25:42,524 - INFO - 预测结果：BFE (置信度：0.52)
2026-01-11 14:25:42,524 - INFO - 基于网站 https://www.baidu.com 更新规则...
2026-01-11 14:25:42,738 - INFO - 开始预测网站使用的技术
2026-01-11 14:25:42,738 - INFO - 开始提取网站特征
2026-01-11 14:25:42,764 - INFO - 预测结果：BFE (置信度：0.52)
2026-01-11 14:25:42,764 - INFO - 基于 https://www.baidu.com 发现 2 种可能的技术，尝试更新规则
2026-01-11 14:25:43,241 - INFO - 开始预测网站使用的技术
2026-01-11 14:25:43,241 - INFO - 开始提取网站特征
2026-01-11 14:25:43,267 - INFO - 预测结果：BFE (置信度：0.52)
2026-01-11 14:25:43,273 - INFO - 基于网站 https://www.tmall.com 更新规则...
2026-01-11 14:25:43,487 - INFO - 开始预测网站使用的技术
2026-01-11 14:25:43,487 - INFO - 开始提取网站特征
2026-01-11 14:25:43,515 - INFO - 预测结果：BFE (置信度：0.52)
2026-01-11 14:25:43,516 - INFO - 基于 https://www.tmall.com 发现 1 种可能的技术，尝试更新规则
2026-01-11 14:25:43,784 - INFO - 开始预测网站使用的技术
2026-01-11 14:25:43,785 - INFO - 开始提取网站特征
2026-01-11 14:25:43,818 - INFO - 预测结果：BFE (置信度：0.52)
2026-01-11 14:25:43,826 - INFO - 步骤5：保存最终规则...
2026-01-11 14:25:43,827 - INFO - 规则已保存
2026-01-11 14:25:43,827 - INFO - 步骤6：显示最终统计信息...
2026-01-11 14:25:43,828 - INFO - 智能收集和学习流程完成
2026-01-11 14:27:57,038 - INFO - 初始化集成Wappalyzer系统...
2026-01-11 14:27:57,041 - INFO - 成功加载已训练的模型和向量器
2026-01-11 14:27:57,041 - INFO - 集成Wappalyzer系统初始化完成
2026-01-11 14:27:57,041 - INFO - 开始连续学习流程，共 3 轮，每轮 5 个网站
2026-01-11 14:27:57,041 - INFO - === 第 1/3 轮学习 ===
2026-01-11 14:27:57,041 - INFO - 开始智能收集和学习流程，目标数量：5
2026-01-11 14:27:57,042 - INFO - 步骤1：智能获取真实网站...
2026-01-11 14:27:57,042 - INFO - 开始智能生成 5 个扫描目标...
2026-01-11 14:27:57,042 - INFO - 从Alexa获取前 5 个顶级网站...
2026-01-11 14:28:13,424 - INFO - 从Alexa成功获取 1 个有效网站
2026-01-11 14:28:13,424 - INFO - 开始筛选 1 个目标...
2026-01-11 14:28:13,425 - INFO - 筛选后剩余 1 个目标
2026-01-11 14:28:13,425 - INFO - 成功生成 1 个扫描目标
2026-01-11 14:28:13,425 - INFO - 成功获取 1 个有效网站
2026-01-11 14:28:13,425 - INFO - 步骤2：扫描 1 个网站...
2026-01-11 14:28:13,425 - INFO - 扫描网站：https://www.bing.com
2026-01-11 14:28:14,633 - INFO - 开始预测网站使用的技术
2026-01-11 14:28:14,633 - INFO - 开始提取网站特征
2026-01-11 14:28:14,659 - INFO - 预测结果：BFE (置信度：0.52)
2026-01-11 14:28:15,202 - INFO - 开始提取网站特征
2026-01-11 14:28:15,204 - INFO - 扫描完成，收集到 1 条训练数据
2026-01-11 14:28:15,204 - INFO - 检测到的技术分布：{np.str_('BFE'): 1}
2026-01-11 14:28:15,204 - INFO - 步骤3：使用 1 条数据训练机器学习模型...
2026-01-11 14:28:15,204 - INFO - 使用 1 条新数据更新模型
2026-01-11 14:28:15,372 - INFO - 模型和向量器已保存
2026-01-11 14:28:15,372 - INFO - 模型更新完成
2026-01-11 14:28:15,372 - INFO - 机器学习模型训练成功
2026-01-11 14:28:15,372 - INFO - 步骤4：更新检测规则...
2026-01-11 14:28:15,372 - INFO - 基于网站 https://www.bing.com 更新规则...
2026-01-11 14:28:16,131 - INFO - 开始预测网站使用的技术
2026-01-11 14:28:16,131 - INFO - 开始提取网站特征
2026-01-11 14:28:16,162 - INFO - 预测结果：BFE (置信度：1.00)
2026-01-11 14:28:16,162 - INFO - 基于 https://www.bing.com 发现 1 种可能的技术，尝试更新规则
2026-01-11 14:28:17,232 - INFO - 开始预测网站使用的技术
2026-01-11 14:28:17,233 - INFO - 开始提取网站特征
2026-01-11 14:28:17,262 - INFO - 预测结果：BFE (置信度：1.00)
2026-01-11 14:28:17,271 - INFO - 步骤5：保存最终规则...
2026-01-11 14:28:17,271 - INFO - 规则已保存
2026-01-11 14:28:17,271 - INFO - 步骤6：显示最终统计信息...
2026-01-11 14:28:17,271 - INFO - 智能收集和学习流程完成
2026-01-11 14:28:17,272 - INFO - === 第 2/3 轮学习 ===
2026-01-11 14:28:17,272 - INFO - 开始智能收集和学习流程，目标数量：5
2026-01-11 14:28:17,272 - INFO - 步骤1：智能获取真实网站...
2026-01-11 14:28:17,272 - INFO - 开始智能生成 5 个扫描目标...
2026-01-11 14:28:17,272 - INFO - 从Alexa获取前 5 个顶级网站...
2026-01-11 14:28:39,626 - INFO - 从Alexa成功获取 0 个有效网站
2026-01-11 14:28:39,627 - INFO - 开始筛选 0 个目标...
2026-01-11 14:28:39,627 - INFO - 筛选后剩余 0 个目标
2026-01-11 14:28:39,627 - INFO - 成功生成 0 个扫描目标
2026-01-11 14:28:39,627 - ERROR - 未能获取到任何有效网站，流程终止
2026-01-11 14:28:39,627 - INFO - === 第 3/3 轮学习 ===
2026-01-11 14:28:39,627 - INFO - 开始智能收集和学习流程，目标数量：5
2026-01-11 14:28:39,627 - INFO - 步骤1：智能获取真实网站...
2026-01-11 14:28:39,627 - INFO - 开始智能生成 5 个扫描目标...
2026-01-11 14:28:39,627 - INFO - 从Alexa获取前 5 个顶级网站...
2026-01-11 14:28:45,552 - INFO - 从Alexa成功获取 4 个有效网站
2026-01-11 14:28:45,552 - INFO - 开始筛选 4 个目标...
2026-01-11 14:28:45,552 - INFO - 筛选后剩余 4 个目标
2026-01-11 14:28:45,552 - INFO - 成功生成 4 个扫描目标
2026-01-11 14:28:45,552 - INFO - 成功获取 4 个有效网站
2026-01-11 14:28:45,552 - INFO - 步骤2：扫描 4 个网站...
2026-01-11 14:28:45,552 - INFO - 扫描网站：https://www.microsoft.com
2026-01-11 14:28:45,674 - INFO - 开始预测网站使用的技术
2026-01-11 14:28:45,675 - INFO - 开始提取网站特征
2026-01-11 14:28:45,755 - INFO - 预测结果：BFE (置信度：1.00)
2026-01-11 14:28:45,931 - INFO - 开始提取网站特征
2026-01-11 14:28:45,932 - INFO - 扫描网站：https://www.taobao.com
2026-01-11 14:28:46,065 - INFO - 开始预测网站使用的技术
2026-01-11 14:28:46,065 - INFO - 开始提取网站特征
2026-01-11 14:28:46,098 - INFO - 预测结果：BFE (置信度：1.00)
2026-01-11 14:28:46,276 - INFO - 开始提取网站特征
2026-01-11 14:28:46,277 - INFO - 扫描网站：https://www.jd.com
2026-01-11 14:28:46,378 - INFO - 开始预测网站使用的技术
2026-01-11 14:28:46,378 - INFO - 开始提取网站特征
2026-01-11 14:28:46,410 - INFO - 预测结果：BFE (置信度：1.00)
2026-01-11 14:28:46,540 - INFO - 开始提取网站特征
2026-01-11 14:28:46,541 - INFO - 扫描网站：https://www.tmall.com
2026-01-11 14:28:46,716 - INFO - 开始预测网站使用的技术
2026-01-11 14:28:46,716 - INFO - 开始提取网站特征
2026-01-11 14:28:46,745 - INFO - 预测结果：BFE (置信度：1.00)
2026-01-11 14:28:46,864 - INFO - 开始提取网站特征
2026-01-11 14:28:46,865 - INFO - 扫描完成，收集到 6 条训练数据
2026-01-11 14:28:46,865 - INFO - 检测到的技术分布：{np.str_('BFE'): 4, 'Baidu': 1, 'Nginx': 1}
2026-01-11 14:28:46,865 - INFO - 步骤3：使用 6 条数据训练机器学习模型...
2026-01-11 14:28:46,865 - INFO - 使用 6 条新数据更新模型
2026-01-11 14:28:47,029 - INFO - 模型和向量器已保存
2026-01-11 14:28:47,029 - INFO - 模型更新完成
2026-01-11 14:28:47,029 - INFO - 机器学习模型训练成功
2026-01-11 14:28:47,029 - INFO - 步骤4：更新检测规则...
2026-01-11 14:28:47,029 - INFO - 基于网站 https://www.microsoft.com 更新规则...
2026-01-11 14:28:47,166 - INFO - 开始预测网站使用的技术
2026-01-11 14:28:47,166 - INFO - 开始提取网站特征
2026-01-11 14:28:47,196 - INFO - 预测结果：BFE (置信度：0.90)
2026-01-11 14:28:47,196 - INFO - 基于 https://www.microsoft.com 发现 1 种可能的技术，尝试更新规则
2026-01-11 14:28:47,470 - INFO - 开始预测网站使用的技术
2026-01-11 14:28:47,470 - INFO - 开始提取网站特征
2026-01-11 14:28:47,500 - INFO - 预测结果：BFE (置信度：0.90)
2026-01-11 14:28:47,503 - INFO - 基于网站 https://www.taobao.com 更新规则...
2026-01-11 14:28:47,631 - INFO - 开始预测网站使用的技术
2026-01-11 14:28:47,631 - INFO - 开始提取网站特征
2026-01-11 14:28:47,655 - INFO - 预测结果：BFE (置信度：0.65)
2026-01-11 14:28:47,656 - INFO - 基于 https://www.taobao.com 发现 2 种可能的技术，尝试更新规则
2026-01-11 14:28:48,031 - INFO - 开始预测网站使用的技术
2026-01-11 14:28:48,031 - INFO - 开始提取网站特征
2026-01-11 14:28:48,057 - INFO - 预测结果：BFE (置信度：0.65)
2026-01-11 14:28:48,064 - INFO - 基于网站 https://www.jd.com 更新规则...
2026-01-11 14:28:48,186 - INFO - 开始预测网站使用的技术
2026-01-11 14:28:48,186 - INFO - 开始提取网站特征
2026-01-11 14:28:48,213 - INFO - 预测结果：BFE (置信度：0.55)
2026-01-11 14:28:48,213 - INFO - 基于 https://www.jd.com 发现 1 种可能的技术，尝试更新规则
2026-01-11 14:28:48,521 - INFO - 开始预测网站使用的技术
2026-01-11 14:28:48,521 - INFO - 开始提取网站特征
2026-01-11 14:28:48,548 - INFO - 预测结果：BFE (置信度：0.55)
2026-01-11 14:28:48,553 - INFO - 基于网站 https://www.tmall.com 更新规则...
2026-01-11 14:28:48,703 - INFO - 开始预测网站使用的技术
2026-01-11 14:28:48,703 - INFO - 开始提取网站特征
2026-01-11 14:28:48,729 - INFO - 预测结果：BFE (置信度：0.65)
2026-01-11 14:28:48,730 - INFO - 基于 https://www.tmall.com 发现 1 种可能的技术，尝试更新规则
2026-01-11 14:28:49,018 - INFO - 开始预测网站使用的技术
2026-01-11 14:28:49,018 - INFO - 开始提取网站特征
2026-01-11 14:28:49,047 - INFO - 预测结果：BFE (置信度：0.65)
2026-01-11 14:28:49,055 - INFO - 步骤5：保存最终规则...
2026-01-11 14:28:49,056 - INFO - 规则已保存
2026-01-11 14:28:49,056 - INFO - 步骤6：显示最终统计信息...
2026-01-11 14:28:49,056 - INFO - 智能收集和学习流程完成
2026-01-11 14:28:49,056 - INFO - 连续学习流程完成
2026-01-11 14:41:56,157 - INFO - 初始化集成Wappalyzer系统...
2026-01-11 14:41:56,164 - INFO - 成功加载已训练的模型和向量器
2026-01-11 14:41:56,164 - INFO - 集成Wappalyzer系统初始化完成
2026-01-11 14:41:56,165 - INFO - 开始连续学习流程，共 3 轮，每轮 5 个网站
2026-01-11 14:41:56,165 - INFO - === 第 1/3 轮学习 ===
2026-01-11 14:41:56,165 - INFO - 开始智能收集和学习流程，目标数量：5
2026-01-11 14:41:56,165 - INFO - 步骤1：智能获取真实网站...
2026-01-11 14:41:56,165 - INFO - 开始智能生成 5 个扫描目标...
2026-01-11 14:41:56,165 - INFO - 从Alexa获取前 5 个顶级网站...
2026-01-11 14:42:06,635 - INFO - 从Alexa成功获取 2 个有效网站
2026-01-11 14:42:06,635 - INFO - 开始筛选 2 个目标...
2026-01-11 14:42:06,636 - INFO - 筛选后剩余 2 个目标
2026-01-11 14:42:06,636 - INFO - 成功生成 2 个扫描目标
2026-01-11 14:42:06,636 - INFO - 成功获取 2 个有效网站
2026-01-11 14:42:06,636 - INFO - 步骤2：扫描 2 个网站...
2026-01-11 14:42:06,636 - INFO - 扫描网站：https://www.jd.com
2026-01-11 14:42:06,806 - INFO - 开始预测网站使用的技术
2026-01-11 14:42:06,806 - INFO - 开始提取网站特征
2026-01-11 14:42:06,847 - INFO - 预测结果：BFE (置信度：0.55)
2026-01-11 14:42:07,002 - INFO - 开始提取网站特征
2026-01-11 14:42:07,003 - INFO - 扫描网站：https://www.tmall.com
2026-01-11 14:42:07,113 - INFO - 开始预测网站使用的技术
2026-01-11 14:42:07,113 - INFO - 开始提取网站特征
2026-01-11 14:42:07,148 - INFO - 预测结果：BFE (置信度：0.65)
2026-01-11 14:42:07,272 - INFO - 开始提取网站特征
2026-01-11 14:42:07,272 - INFO - 扫描完成，收集到 3 条训练数据
2026-01-11 14:42:07,272 - INFO - 检测到的技术分布：{'Nginx': 1, np.str_('BFE'): 2}
2026-01-11 14:42:07,272 - INFO - 步骤3：使用 3 条数据训练机器学习模型...
2026-01-11 14:42:07,273 - INFO - 使用 3 条新数据更新模型
2026-01-11 14:42:07,425 - INFO - 模型和向量器已保存
2026-01-11 14:42:07,425 - INFO - 模型更新完成
2026-01-11 14:42:07,426 - INFO - 机器学习模型训练成功
2026-01-11 14:42:07,426 - INFO - 步骤4：更新检测规则...
2026-01-11 14:42:07,426 - INFO - 基于网站 https://www.jd.com 更新规则...
2026-01-11 14:42:07,570 - INFO - 开始预测网站使用的技术
2026-01-11 14:42:07,570 - INFO - 开始提取网站特征
2026-01-11 14:42:07,596 - INFO - 预测结果：Nginx (置信度：0.51)
2026-01-11 14:42:07,597 - INFO - 基于 https://www.jd.com 发现 1 种可能的技术，尝试更新规则
2026-01-11 14:42:08,026 - INFO - 开始预测网站使用的技术
2026-01-11 14:42:08,026 - INFO - 开始提取网站特征
2026-01-11 14:42:08,056 - INFO - 预测结果：Nginx (置信度：0.51)
2026-01-11 14:42:08,062 - INFO - 基于网站 https://www.tmall.com 更新规则...
2026-01-11 14:42:08,333 - INFO - 开始预测网站使用的技术
2026-01-11 14:42:08,333 - INFO - 开始提取网站特征
2026-01-11 14:42:08,363 - INFO - 预测结果：BFE (置信度：0.83)
2026-01-11 14:42:08,363 - INFO - 基于 https://www.tmall.com 发现 2 种可能的技术，尝试更新规则
2026-01-11 14:42:08,584 - INFO - 开始预测网站使用的技术
2026-01-11 14:42:08,584 - INFO - 开始提取网站特征
2026-01-11 14:42:08,614 - INFO - 预测结果：BFE (置信度：0.83)
2026-01-11 14:42:08,622 - INFO - 步骤5：保存最终规则...
2026-01-11 14:42:08,623 - INFO - 规则已保存
2026-01-11 14:42:08,624 - INFO - 步骤6：显示最终统计信息...
2026-01-11 14:42:08,624 - INFO - 智能收集和学习流程完成
2026-01-11 14:42:08,624 - INFO - === 第 2/3 轮学习 ===
2026-01-11 14:42:08,624 - INFO - 开始智能收集和学习流程，目标数量：5
2026-01-11 14:42:08,624 - INFO - 步骤1：智能获取真实网站...
2026-01-11 14:42:08,624 - INFO - 开始智能生成 5 个扫描目标...
2026-01-11 14:42:08,624 - INFO - 从Alexa获取前 5 个顶级网站...
2026-01-11 14:42:13,351 - INFO - 从Alexa成功获取 2 个有效网站
2026-01-11 14:42:13,351 - INFO - 开始筛选 2 个目标...
2026-01-11 14:42:13,351 - INFO - 筛选后剩余 2 个目标
2026-01-11 14:42:13,351 - INFO - 成功生成 2 个扫描目标
2026-01-11 14:42:13,352 - INFO - 成功获取 2 个有效网站
2026-01-11 14:42:13,352 - INFO - 步骤2：扫描 2 个网站...
2026-01-11 14:42:13,352 - INFO - 扫描网站：https://www.jd.com
2026-01-11 14:42:13,518 - INFO - 开始预测网站使用的技术
2026-01-11 14:42:13,518 - INFO - 开始提取网站特征
2026-01-11 14:42:13,545 - INFO - 预测结果：Nginx (置信度：0.51)
2026-01-11 14:42:13,637 - INFO - 开始提取网站特征
2026-01-11 14:42:13,638 - INFO - 扫描网站：https://www.sina.com.cn
2026-01-11 14:42:13,755 - INFO - 开始预测网站使用的技术
2026-01-11 14:42:13,755 - INFO - 开始提取网站特征
2026-01-11 14:42:13,785 - INFO - 预测结果：BFE (置信度：0.78)
2026-01-11 14:42:13,891 - INFO - 开始提取网站特征
2026-01-11 14:42:13,892 - INFO - 扫描完成，收集到 3 条训练数据
2026-01-11 14:42:13,892 - INFO - 检测到的技术分布：{'Nginx': 1, 'Baidu': 1, np.str_('BFE'): 1}
2026-01-11 14:42:13,892 - INFO - 步骤3：使用 3 条数据训练机器学习模型...
2026-01-11 14:42:13,892 - INFO - 使用 3 条新数据更新模型
2026-01-11 14:42:14,051 - INFO - 模型和向量器已保存
2026-01-11 14:42:14,051 - INFO - 模型更新完成
2026-01-11 14:42:14,051 - INFO - 机器学习模型训练成功
2026-01-11 14:42:14,051 - INFO - 步骤4：更新检测规则...
2026-01-11 14:42:14,051 - INFO - 基于网站 https://www.jd.com 更新规则...
2026-01-11 14:42:14,174 - INFO - 开始预测网站使用的技术
2026-01-11 14:42:14,175 - INFO - 开始提取网站特征
2026-01-11 14:42:14,206 - INFO - 预测结果：Nginx (置信度：0.72)
2026-01-11 14:42:14,206 - INFO - 基于 https://www.jd.com 发现 1 种可能的技术，尝试更新规则
2026-01-11 14:42:14,485 - INFO - 开始预测网站使用的技术
2026-01-11 14:42:14,485 - INFO - 开始提取网站特征
2026-01-11 14:42:14,518 - INFO - 预测结果：Nginx (置信度：0.72)
2026-01-11 14:42:14,523 - INFO - 基于网站 https://www.sina.com.cn 更新规则...
2026-01-11 14:42:14,659 - INFO - 开始预测网站使用的技术
2026-01-11 14:42:14,660 - INFO - 开始提取网站特征
2026-01-11 14:42:14,692 - INFO - 预测结果：BFE (置信度：0.48)
2026-01-11 14:42:14,692 - INFO - 基于 https://www.sina.com.cn 发现 1 种可能的技术，尝试更新规则
2026-01-11 14:42:14,916 - INFO - 开始预测网站使用的技术
2026-01-11 14:42:14,916 - INFO - 开始提取网站特征
2026-01-11 14:42:14,947 - INFO - 预测结果：BFE (置信度：0.48)
2026-01-11 14:42:14,952 - INFO - 步骤5：保存最终规则...
2026-01-11 14:42:14,953 - INFO - 规则已保存
2026-01-11 14:42:14,953 - INFO - 步骤6：显示最终统计信息...
2026-01-11 14:42:14,953 - INFO - 智能收集和学习流程完成
2026-01-11 14:42:14,956 - INFO - === 第 3/3 轮学习 ===
2026-01-11 14:42:14,956 - INFO - 开始智能收集和学习流程，目标数量：5
2026-01-11 14:42:14,956 - INFO - 步骤1：智能获取真实网站...
2026-01-11 14:42:14,956 - INFO - 开始智能生成 5 个扫描目标...
2026-01-11 14:42:14,956 - INFO - 从Alexa获取前 5 个顶级网站...
2026-01-11 14:42:27,029 - INFO - 从Alexa成功获取 2 个有效网站
2026-01-11 14:42:27,029 - INFO - 开始筛选 2 个目标...
2026-01-11 14:42:27,029 - INFO - 筛选后剩余 2 个目标
2026-01-11 14:42:27,029 - INFO - 成功生成 2 个扫描目标
2026-01-11 14:42:27,029 - INFO - 成功获取 2 个有效网站
2026-01-11 14:42:27,029 - INFO - 步骤2：扫描 2 个网站...
2026-01-11 14:42:27,029 - INFO - 扫描网站：https://www.sina.com.cn
2026-01-11 14:42:27,187 - INFO - 开始预测网站使用的技术
2026-01-11 14:42:27,187 - INFO - 开始提取网站特征
2026-01-11 14:42:27,212 - INFO - 预测结果：BFE (置信度：0.48)
2026-01-11 14:42:27,319 - INFO - 开始提取网站特征
2026-01-11 14:42:27,321 - INFO - 扫描网站：https://www.tmall.com
2026-01-11 14:42:27,437 - INFO - 开始预测网站使用的技术
2026-01-11 14:42:27,437 - INFO - 开始提取网站特征
2026-01-11 14:42:27,462 - INFO - 预测结果：Nginx (置信度：0.46)
2026-01-11 14:42:27,610 - INFO - 开始提取网站特征
2026-01-11 14:42:27,611 - INFO - 扫描完成，收集到 1 条训练数据
2026-01-11 14:42:27,611 - INFO - 检测到的技术分布：{'Baidu': 1}
2026-01-11 14:42:27,611 - INFO - 步骤3：使用 1 条数据训练机器学习模型...
2026-01-11 14:42:27,611 - INFO - 使用 1 条新数据更新模型
2026-01-11 14:42:27,774 - INFO - 模型和向量器已保存
2026-01-11 14:42:27,774 - INFO - 模型更新完成
2026-01-11 14:42:27,774 - INFO - 机器学习模型训练成功
2026-01-11 14:42:27,774 - INFO - 步骤4：更新检测规则...
2026-01-11 14:42:27,774 - INFO - 基于网站 https://www.sina.com.cn 更新规则...
2026-01-11 14:42:27,923 - INFO - 开始预测网站使用的技术
2026-01-11 14:42:27,923 - INFO - 开始提取网站特征
2026-01-11 14:42:27,954 - INFO - 预测结果：Baidu (置信度：1.00)
2026-01-11 14:42:27,955 - INFO - 基于 https://www.sina.com.cn 发现 1 种可能的技术，尝试更新规则
2026-01-11 14:42:28,290 - INFO - 开始预测网站使用的技术
2026-01-11 14:42:28,290 - INFO - 开始提取网站特征
2026-01-11 14:42:28,325 - INFO - 预测结果：Baidu (置信度：1.00)
2026-01-11 14:42:28,329 - INFO - 基于网站 https://www.tmall.com 更新规则...
2026-01-11 14:42:28,453 - INFO - 开始预测网站使用的技术
2026-01-11 14:42:28,453 - INFO - 开始提取网站特征
2026-01-11 14:42:28,483 - INFO - 预测结果：Baidu (置信度：1.00)
2026-01-11 14:42:28,483 - INFO - 基于 https://www.tmall.com 发现 2 种可能的技术，尝试更新规则
2026-01-11 14:42:28,744 - INFO - 开始预测网站使用的技术
2026-01-11 14:42:28,745 - INFO - 开始提取网站特征
2026-01-11 14:42:28,777 - INFO - 预测结果：Baidu (置信度：1.00)
2026-01-11 14:42:28,782 - INFO - 步骤5：保存最终规则...
2026-01-11 14:42:28,783 - INFO - 规则已保存
2026-01-11 14:42:28,783 - INFO - 步骤6：显示最终统计信息...
2026-01-11 14:42:28,783 - INFO - 智能收集和学习流程完成
2026-01-11 14:42:28,783 - INFO - 连续学习流程完成
2026-01-11 14:46:30,704 - INFO - 初始化集成Wappalyzer系统...
2026-01-11 14:46:30,711 - INFO - 成功加载已训练的模型和向量器
2026-01-11 14:46:30,711 - INFO - 集成Wappalyzer系统初始化完成
2026-01-11 14:46:30,711 - INFO - 开始智能收集和学习流程，目标数量：10
2026-01-11 14:46:30,711 - INFO - 步骤1：智能获取真实网站...
2026-01-11 14:46:30,711 - INFO - 开始获取 10 个education行业网站...
2026-01-11 14:46:56,461 - INFO - 成功获取 6 个education行业网站
2026-01-11 14:46:56,462 - INFO - 成功获取 6 个有效网站
2026-01-11 14:46:56,462 - INFO - 步骤2：扫描 6 个网站...
2026-01-11 14:46:56,462 - INFO - 扫描网站：https://www.udemy.com
2026-01-11 14:46:57,987 - INFO - 开始预测网站使用的技术
2026-01-11 14:46:57,987 - INFO - 开始提取网站特征
2026-01-11 14:46:58,027 - INFO - 预测结果：Baidu (置信度：1.00)
2026-01-11 14:46:58,920 - INFO - 开始提取网站特征
2026-01-11 14:46:58,921 - INFO - 扫描网站：https://www.harvard.edu
2026-01-11 14:47:00,867 - INFO - 开始预测网站使用的技术
2026-01-11 14:47:00,867 - INFO - 开始提取网站特征
2026-01-11 14:47:00,904 - INFO - 预测结果：Baidu (置信度：1.00)
2026-01-11 14:47:06,150 - ERROR - 处理网站 https://www.harvard.edu 时出错：HTTPSConnectionPool(host='www.harvard.edu', port=443): Read timed out. (read timeout=5)
2026-01-11 14:47:06,150 - INFO - 扫描网站：https://www.coursera.org
2026-01-11 14:47:07,899 - INFO - 开始预测网站使用的技术
2026-01-11 14:47:07,899 - INFO - 开始提取网站特征
2026-01-11 14:47:07,931 - INFO - 预测结果：Baidu (置信度：1.00)
2026-01-11 14:47:09,385 - INFO - 开始提取网站特征
2026-01-11 14:47:09,386 - INFO - 扫描网站：https://www.edx.org
2026-01-11 14:48:09,417 - ERROR - 处理网站 https://www.edx.org 时出错：HTTPSConnectionPool(host='www.edx.org', port=443): Max retries exceeded with url: / (Caused by ConnectTimeoutError(<HTTPSConnection(host='www.edx.org', port=443) at 0x116f11d10>, 'Connection to www.edx.org timed out. (connect timeout=5)'))
2026-01-11 14:48:09,417 - INFO - 扫描网站：https://www.khanacademy.org
2026-01-11 14:48:20,337 - INFO - 开始提取网站特征
2026-01-11 14:48:20,338 - INFO - 扫描网站：https://www.stanford.edu
2026-01-11 14:48:35,357 - ERROR - 处理网站 https://www.stanford.edu 时出错：HTTPSConnectionPool(host='www.stanford.edu', port=443): Max retries exceeded with url: / (Caused by ConnectTimeoutError(<HTTPSConnection(host='www.stanford.edu', port=443) at 0x116f12ad0>, 'Connection to www.stanford.edu timed out. (connect timeout=5)'))
2026-01-11 14:48:35,358 - INFO - 扫描完成，收集到 3 条训练数据
2026-01-11 14:48:35,358 - INFO - 检测到的技术分布：{'React': 1, np.str_('Baidu'): 2}
2026-01-11 14:48:35,358 - INFO - 步骤3：使用 3 条数据训练机器学习模型...
2026-01-11 14:48:35,358 - INFO - 使用 3 条新数据更新模型
2026-01-11 14:48:35,535 - INFO - 模型和向量器已保存
2026-01-11 14:48:35,535 - INFO - 模型更新完成
2026-01-11 14:48:35,535 - INFO - 机器学习模型训练成功
2026-01-11 14:48:35,535 - INFO - 步骤4：更新检测规则...
2026-01-11 14:48:35,535 - INFO - 基于网站 https://www.udemy.com 更新规则...
2026-01-11 14:48:45,549 - ERROR - 更新网站 https://www.udemy.com 的规则时出错：HTTPSConnectionPool(host='www.udemy.com', port=443): Max retries exceeded with url: / (Caused by ConnectTimeoutError(<HTTPSConnection(host='www.udemy.com', port=443) at 0x116f12d50>, 'Connection to www.udemy.com timed out. (connect timeout=5)'))
2026-01-11 14:48:45,550 - INFO - 基于网站 https://www.harvard.edu 更新规则...
2026-01-11 14:48:46,462 - INFO - 开始预测网站使用的技术
2026-01-11 14:48:46,462 - INFO - 开始提取网站特征
2026-01-11 14:48:46,483 - INFO - 预测结果：Baidu (置信度：0.66)
2026-01-11 14:48:46,483 - INFO - 基于 https://www.harvard.edu 发现 2 种可能的技术，尝试更新规则
2026-01-11 14:48:49,969 - INFO - 开始预测网站使用的技术
2026-01-11 14:48:49,969 - INFO - 开始提取网站特征
2026-01-11 14:48:49,990 - INFO - 预测结果：Baidu (置信度：0.66)
2026-01-11 14:48:49,994 - INFO - 基于网站 https://www.coursera.org 更新规则...
2026-01-11 14:48:51,684 - INFO - 开始预测网站使用的技术
2026-01-11 14:48:51,684 - INFO - 开始提取网站特征
2026-01-11 14:48:51,708 - INFO - 预测结果：Baidu (置信度：0.83)
2026-01-11 14:48:51,708 - INFO - 基于 https://www.coursera.org 发现 2 种可能的技术，尝试更新规则
2026-01-11 14:49:02,463 - INFO - 基于网站 https://www.edx.org 更新规则...
2026-01-11 14:49:04,373 - INFO - 开始预测网站使用的技术
2026-01-11 14:49:04,373 - INFO - 开始提取网站特征
2026-01-11 14:49:04,395 - INFO - 预测结果：Baidu (置信度：0.79)
2026-01-11 14:49:04,395 - INFO - 基于 https://www.edx.org 发现 2 种可能的技术，尝试更新规则
2026-01-11 14:49:10,952 - INFO - 开始预测网站使用的技术
2026-01-11 14:49:10,954 - INFO - 开始提取网站特征
2026-01-11 14:49:10,974 - INFO - 预测结果：Baidu (置信度：0.79)
2026-01-11 14:49:10,979 - INFO - 基于网站 https://www.khanacademy.org 更新规则...
2026-01-11 14:49:15,984 - ERROR - 更新网站 https://www.khanacademy.org 的规则时出错：HTTPSConnectionPool(host='www.khanacademy.org', port=443): Max retries exceeded with url: / (Caused by ConnectTimeoutError(<HTTPSConnection(host='www.khanacademy.org', port=443) at 0x116f139d0>, 'Connection to www.khanacademy.org timed out. (connect timeout=5)'))
2026-01-11 14:49:15,984 - INFO - 步骤5：保存最终规则...
2026-01-11 14:49:15,986 - INFO - 规则已保存
2026-01-11 14:49:15,986 - INFO - 步骤6：显示最终统计信息...
2026-01-11 14:49:15,987 - INFO - 智能收集和学习流程完成
2026-01-11 14:49:27,446 - INFO - 初始化集成Wappalyzer系统...
2026-01-11 14:49:27,451 - INFO - 成功加载已训练的模型和向量器
2026-01-11 14:49:27,451 - INFO - 集成Wappalyzer系统初始化完成
2026-01-11 14:49:27,451 - INFO - === 开始CMS指纹学习 ===
2026-01-11 14:49:27,452 - INFO - 开始连续学习流程，共 2 轮，每轮 10 个网站
2026-01-11 14:49:27,452 - INFO - === 第 1/2 轮学习 ===
2026-01-11 14:49:27,452 - INFO - 开始智能收集和学习流程，目标数量：10
2026-01-11 14:49:27,452 - INFO - 步骤1：智能获取真实网站...
2026-01-11 14:49:27,453 - INFO - 开始获取 10 个CMS类别网站...
2026-01-11 14:49:27,453 - INFO - 开始获取 10 个CMS网站...
2026-01-11 14:50:51,779 - INFO - 初始化集成Wappalyzer系统...
2026-01-11 14:50:51,785 - INFO - 成功加载已训练的模型和向量器
2026-01-11 14:50:51,786 - INFO - 集成Wappalyzer系统初始化完成
2026-01-11 14:50:51,786 - INFO - === 开始CMS指纹学习 ===
2026-01-11 14:50:51,786 - INFO - 针对technology行业的CMS网站进行学习
2026-01-11 14:50:51,786 - INFO - 开始连续学习流程，共 1 轮，每轮 3 个网站
2026-01-11 14:50:51,786 - INFO - === 第 1/1 轮学习 ===
2026-01-11 14:50:51,786 - INFO - 开始智能收集和学习流程，目标数量：3
2026-01-11 14:50:51,786 - INFO - 步骤1：智能获取真实网站...
2026-01-11 14:50:51,787 - INFO - 开始获取 3 个CMS类别网站...
2026-01-11 14:50:51,787 - INFO - 开始获取 3 个CMS网站...
2026-01-11 14:51:27,995 - INFO - 成功获取 1 个有效CMS网站
2026-01-11 14:51:27,996 - INFO - 对CMS网站进行technology行业筛选...
2026-01-11 14:51:27,996 - INFO - 开始获取 6 个technology行业网站...
2026-01-11 15:00:11,528 - INFO - 开始收集 1000 个教育网站...
2026-01-11 15:00:11,528 - INFO - 开始获取 200 个education行业网站...
2026-01-11 15:00:51,946 - INFO - 成功获取 8 个education行业网站
2026-01-11 15:00:51,946 - INFO - 开始获取 200 个.edu域名网站...
2026-01-11 15:00:52,758 - ERROR - 获取.edu域名失败：404 Client Error: Not Found for url: https://tranco-list.eu/download/latest/list
2026-01-11 15:00:52,759 - INFO - 成功获取 0 个.edu域名网站
2026-01-11 15:00:52,760 - INFO - 开始获取 300 个额外教育网站...
2026-01-11 15:00:55,329 - ERROR - 获取额外教育网站失败：404 Client Error: Not Found for url: https://tranco-list.eu/download/latest/list
2026-01-11 15:00:55,329 - INFO - 成功获取 0 个额外教育网站
2026-01-11 15:00:55,332 - INFO - 开始获取 300 个教育门户和平台网站...
2026-01-11 15:04:34,730 - ERROR - 扩展教育平台列表失败：404 Client Error: Not Found for url: https://tranco-list.eu/download/latest/list
2026-01-11 15:04:34,731 - INFO - 成功获取 6 个教育门户和平台网站
2026-01-11 15:04:34,731 - INFO - 开始从种子网站获取 200 个相关教育网站...
2026-01-11 15:04:34,731 - INFO - 获取与 www.mooc.org 相关的域名...
2026-01-11 15:04:48,116 - INFO - 为域名 www.mooc.org 成功获取 2 个相关域名
2026-01-11 15:04:48,116 - INFO - 获取与 www.coursera.org 相关的域名...
2026-01-11 15:04:59,132 - INFO - 为域名 www.coursera.org 成功获取 2 个相关域名
2026-01-11 15:04:59,132 - INFO - 获取与 www.udemy.com 相关的域名...
2026-01-11 15:05:11,256 - INFO - 为域名 www.udemy.com 成功获取 2 个相关域名
2026-01-11 15:05:11,256 - INFO - 获取与 www.khanacademy.org 相关的域名...
2026-01-11 15:05:25,674 - INFO - 为域名 www.khanacademy.org 成功获取 2 个相关域名
2026-01-11 15:05:25,675 - INFO - 获取与 www.edx.org 相关的域名...
2026-01-11 15:05:41,602 - INFO - 为域名 www.edx.org 成功获取 2 个相关域名
2026-01-11 15:05:41,602 - INFO - 获取与 www.harvard.edu 相关的域名...
2026-01-11 15:06:01,289 - INFO - 为域名 www.harvard.edu 成功获取 1 个相关域名
2026-01-11 15:06:01,290 - INFO - 获取与 www.stanford.edu 相关的域名...
2026-01-11 15:06:12,097 - INFO - 为域名 www.stanford.edu 成功获取 2 个相关域名
2026-01-11 15:06:12,097 - INFO - 获取与 www.lynda.com 相关的域名...
2026-01-11 15:06:24,228 - INFO - 为域名 www.lynda.com 成功获取 2 个相关域名
2026-01-11 15:06:24,229 - INFO - 获取与 www.teachable.com 相关的域名...
2026-01-11 15:06:37,286 - INFO - 为域名 www.teachable.com 成功获取 2 个相关域名
2026-01-11 15:06:37,286 - INFO - 成功获取 2 个相关教育网站
2026-01-11 15:06:37,286 - WARNING - 仅收集到 11 个教育网站，低于目标 1000 个
2026-01-11 15:06:37,286 - INFO - 最终收集到 11 个教育网站
2026-01-11 15:06:37,286 - INFO - 保存 11 个教育网站到 education_sites.json...
2026-01-11 15:06:37,287 - INFO - 成功保存到 education_sites.json
2026-01-11 15:14:56,422 - INFO - 开始收集 1000 个教育网站...
2026-01-11 15:14:56,423 - INFO - 开始从内置列表获取教育网站...
2026-01-11 15:21:26,526 - INFO - 从内置列表成功获取 111 个有效教育网站
2026-01-11 15:21:26,526 - INFO - 开始获取 200 个education行业网站...
2026-01-11 15:22:17,517 - INFO - 成功获取 8 个education行业网站
2026-01-11 15:22:17,517 - INFO - 开始获取 300 个教育门户和平台网站...
2026-01-11 15:27:33,706 - ERROR - 扩展教育平台列表失败：HTTPSConnectionPool(host='tranco-list.eu', port=443): Max retries exceeded with url: /download/latest/list (Caused by ConnectTimeoutError(<HTTPSConnection(host='tranco-list.eu', port=443) at 0x105786710>, 'Connection to tranco-list.eu timed out. (connect timeout=30)'))
2026-01-11 15:27:33,707 - INFO - 成功获取 5 个教育门户和平台网站
2026-01-11 15:27:33,708 - INFO - 开始从种子网站获取 200 个相关教育网站...
2026-01-11 15:27:33,708 - INFO - 获取与 www.coursera.org 相关的域名...
2026-01-11 15:28:17,239 - INFO - 为域名 www.coursera.org 成功获取 0 个相关域名
2026-01-11 15:28:17,239 - INFO - 获取与 www.udemy.com 相关的域名...
2026-01-11 15:28:58,155 - INFO - 为域名 www.udemy.com 成功获取 0 个相关域名
2026-01-11 15:28:58,172 - INFO - 获取与 www.khanacademy.org 相关的域名...
2026-01-11 15:29:23,492 - INFO - 为域名 www.khanacademy.org 成功获取 1 个相关域名
2026-01-11 15:29:23,492 - INFO - 获取与 www.edx.org 相关的域名...
2026-01-11 15:29:34,225 - INFO - 为域名 www.edx.org 成功获取 2 个相关域名
2026-01-11 15:29:34,226 - INFO - 获取与 www.mooc.org 相关的域名...
2026-01-11 15:29:51,149 - INFO - 为域名 www.mooc.org 成功获取 2 个相关域名
2026-01-11 15:29:51,150 - INFO - 获取与 www.futurelearn.com 相关的域名...
2026-01-11 15:30:01,654 - INFO - 为域名 www.futurelearn.com 成功获取 2 个相关域名
2026-01-11 15:30:01,654 - INFO - 获取与 www.pluralsight.com 相关的域名...
2026-01-11 15:30:12,575 - INFO - 为域名 www.pluralsight.com 成功获取 2 个相关域名
2026-01-11 15:30:12,576 - INFO - 获取与 www.lynda.com 相关的域名...
2026-01-11 15:30:25,668 - INFO - 为域名 www.lynda.com 成功获取 2 个相关域名
2026-01-11 15:30:25,669 - INFO - 获取与 www.teachable.com 相关的域名...
2026-01-11 15:30:43,456 - INFO - 为域名 www.teachable.com 成功获取 2 个相关域名
2026-01-11 15:30:43,458 - INFO - 获取与 www.creativelive.com 相关的域名...
2026-01-11 15:31:01,505 - INFO - 为域名 www.creativelive.com 成功获取 2 个相关域名
2026-01-11 15:31:01,506 - INFO - 获取与 www.harvard.edu 相关的域名...
2026-01-11 15:31:21,161 - INFO - 为域名 www.harvard.edu 成功获取 2 个相关域名
2026-01-11 15:31:21,161 - INFO - 获取与 www.stanford.edu 相关的域名...
2026-01-11 15:31:32,973 - INFO - 为域名 www.stanford.edu 成功获取 2 个相关域名
2026-01-11 15:31:32,974 - INFO - 获取与 www.yale.edu 相关的域名...
2026-01-11 15:31:49,297 - INFO - 为域名 www.yale.edu 成功获取 1 个相关域名
2026-01-11 15:31:49,297 - INFO - 获取与 www.caltech.edu 相关的域名...
2026-01-11 15:32:00,661 - INFO - 为域名 www.caltech.edu 成功获取 2 个相关域名
2026-01-11 15:32:00,662 - INFO - 获取与 www.cam.ac.uk 相关的域名...
2026-01-11 15:32:11,764 - INFO - 为域名 www.cam.ac.uk 成功获取 2 个相关域名
2026-01-11 15:32:11,764 - INFO - 获取与 www.imperial.ac.uk 相关的域名...
2026-01-11 15:32:27,114 - INFO - 为域名 www.imperial.ac.uk 成功获取 2 个相关域名
2026-01-11 15:32:27,115 - INFO - 获取与 www.lse.ac.uk 相关的域名...
2026-01-11 15:32:46,823 - INFO - 为域名 www.lse.ac.uk 成功获取 2 个相关域名
2026-01-11 15:32:46,823 - INFO - 获取与 www.manchester.ac.uk 相关的域名...
2026-01-11 15:33:02,880 - INFO - 为域名 www.manchester.ac.uk 成功获取 2 个相关域名
2026-01-11 15:33:02,881 - INFO - 获取与 www.birmingham.ac.uk 相关的域名...
2026-01-11 15:33:13,618 - INFO - 为域名 www.birmingham.ac.uk 成功获取 2 个相关域名
2026-01-11 15:33:13,619 - INFO - 获取与 www.sheffield.ac.uk 相关的域名...
2026-01-11 15:33:24,034 - INFO - 为域名 www.sheffield.ac.uk 成功获取 2 个相关域名
2026-01-11 15:33:24,034 - INFO - 成功获取 2 个相关教育网站
2026-01-11 15:33:24,034 - INFO - 最终收集到 113 个教育网站
2026-01-11 15:33:24,034 - INFO - 保存 113 个教育网站到 education_sites.json...
2026-01-11 15:33:24,037 - INFO - 成功保存到 education_sites.json
